===========================================
  Student Management System Started!
  DevOps Project 3 - Maven Build Automation
===========================================

  .   ____          _            __ _ _
 /\\ / ___'_ __ _ _(_)_ __  __ _ \ \ \ \
( ( )\___ | '_ | '_| | '_ \/ _` | \ \ \ \
 \\/  ___)| |_)| | | | | || (_| |  ) ) ) )
  '  |____| .__|_| |_|_| |_\__, | / / / /
 =========|_|==============|___/=/_/_/_/
 :: Spring Boot ::                (v3.1.0)

2026-05-01T08:55:02.022Z  INFO 13936 --- [           main] com.sms.App                              : Starting App using Java 17.0.18 with PID 13936 (/home/ubuntu/student-management-system/app/target/app-1.0.0.jar started by ubuntu in /home/ubuntu/student-management-system)
2026-05-01T08:55:02.024Z DEBUG 13936 --- [           main] com.sms.App                              : Running with Spring Boot v3.1.0, Spring v6.0.9
2026-05-01T08:55:02.025Z  INFO 13936 --- [           main] com.sms.App                              : No active profile set, falling back to 1 default profile: "default"
2026-05-01T08:55:03.453Z  INFO 13936 --- [           main] .s.d.r.c.RepositoryConfigurationDelegate : Bootstrapping Spring Data JPA repositories in DEFAULT mode.
2026-05-01T08:55:03.553Z  INFO 13936 --- [           main] .s.d.r.c.RepositoryConfigurationDelegate : Finished Spring Data repository scanning in 88 ms. Found 1 JPA repository interfaces.
2026-05-01T08:55:04.452Z  INFO 13936 --- [           main] o.s.b.w.embedded.tomcat.TomcatWebServer  : Tomcat initialized with port(s): 8080 (http)
2026-05-01T08:55:04.469Z  INFO 13936 --- [           main] o.apache.catalina.core.StandardService   : Starting service [Tomcat]
2026-05-01T08:55:04.470Z  INFO 13936 --- [           main] o.apache.catalina.core.StandardEngine    : Starting Servlet engine: [Apache Tomcat/10.1.8]
2026-05-01T08:55:04.606Z  INFO 13936 --- [           main] o.a.c.c.C.[Tomcat].[localhost].[/]       : Initializing Spring embedded WebApplicationContext
2026-05-01T08:55:04.611Z  INFO 13936 --- [           main] w.s.c.ServletWebServerApplicationContext : Root WebApplicationContext: initialization completed in 2462 ms
2026-05-01T08:55:04.679Z  INFO 13936 --- [           main] com.zaxxer.hikari.HikariDataSource       : HikariPool-1 - Starting...
2026-05-01T08:55:04.987Z  INFO 13936 --- [           main] com.zaxxer.hikari.pool.HikariPool        : HikariPool-1 - Added connection conn0: url=jdbc:h2:mem:smsdb user=SA
2026-05-01T08:55:04.990Z  INFO 13936 --- [           main] com.zaxxer.hikari.HikariDataSource       : HikariPool-1 - Start completed.
2026-05-01T08:55:05.014Z  INFO 13936 --- [           main] o.s.b.a.h2.H2ConsoleAutoConfiguration    : H2 console available at '/h2-console'. Database available at 'jdbc:h2:mem:smsdb'
2026-05-01T08:55:05.198Z  INFO 13936 --- [           main] o.hibernate.jpa.internal.util.LogHelper  : HHH000204: Processing PersistenceUnitInfo [name: default]
2026-05-01T08:55:05.272Z  INFO 13936 --- [           main] org.hibernate.Version                    : HHH000412: Hibernate ORM core version 6.2.2.Final
2026-05-01T08:55:05.275Z  INFO 13936 --- [           main] org.hibernate.cfg.Environment            : HHH000406: Using bytecode reflection optimizer
2026-05-01T08:55:05.480Z  INFO 13936 --- [           main] o.h.b.i.BytecodeProviderInitiator        : HHH000021: Bytecode provider name : bytebuddy
2026-05-01T08:55:05.672Z  INFO 13936 --- [           main] o.s.o.j.p.SpringPersistenceUnitInfo      : No LoadTimeWeaver setup: ignoring JPA class transformer
2026-05-01T08:55:05.728Z  INFO 13936 --- [           main] org.hibernate.orm.dialect                : HHH035001: Using dialect: org.hibernate.dialect.H2Dialect, version: 2.1.214
2026-05-01T08:55:05.980Z  INFO 13936 --- [           main] o.h.b.i.BytecodeProviderInitiator        : HHH000021: Bytecode provider name : bytebuddy
2026-05-01T08:55:06.858Z  INFO 13936 --- [           main] o.h.e.t.j.p.i.JtaPlatformInitiator       : HHH000490: Using JtaPlatform implementation: [org.hibernate.engine.transaction.jta.platform.internal.NoJtaPlatform]
Hibernate: drop table if exists students cascade 
Hibernate: create table students (age integer not null check (age>=1), id bigint generated by default as identity, course varchar(255), email varchar(255) not null unique, name varchar(255) not null, primary key (id))
2026-05-01T08:55:06.901Z  INFO 13936 --- [           main] o.h.t.s.i.e.GenerationTargetToDatabase   : HHH000476: Executing script '[injected ScriptSourceInputNonExistentImpl script]'
2026-05-01T08:55:06.904Z  INFO 13936 --- [           main] j.LocalContainerEntityManagerFactoryBean : Initialized JPA EntityManagerFactory for persistence unit 'default'
2026-05-01T08:55:07.261Z  WARN 13936 --- [           main] ocalVariableTableParameterNameDiscoverer : Using deprecated '-debug' fallback for parameter name resolution. Compile the affected code with '-parameters' instead or avoid its introspection: com.sms.StudentRepository
2026-05-01T08:55:07.429Z  WARN 13936 --- [           main] JpaBaseConfiguration$JpaWebConfiguration : spring.jpa.open-in-view is enabled by default. Therefore, database queries may be performed during view rendering. Explicitly configure spring.jpa.open-in-view to disable this warning
2026-05-01T08:55:08.008Z  INFO 13936 --- [           main] o.s.b.w.embedded.tomcat.TomcatWebServer  : Tomcat started on port(s): 8080 (http) with context path ''
2026-05-01T08:55:08.050Z  INFO 13936 --- [           main] com.sms.App                              : Started App in 6.728 seconds (process running for 7.486)
2026-05-01T08:55:15.674Z  INFO 13936 --- [nio-8080-exec-1] o.a.c.c.C.[Tomcat].[localhost].[/]       : Initializing Spring DispatcherServlet 'dispatcherServlet'
2026-05-01T08:55:15.674Z  INFO 13936 --- [nio-8080-exec-1] o.s.web.servlet.DispatcherServlet        : Initializing Servlet 'dispatcherServlet'
2026-05-01T08:55:15.677Z  INFO 13936 --- [nio-8080-exec-1] o.s.web.servlet.DispatcherServlet        : Completed initialization in 2 ms
Hibernate: select count(*) from students s1_0
Hibernate: select count(*) from students s1_0
Hibernate: select count(*) from students s1_0
